
##########################################################################
  SESSION 49c -- WEIL-RESIDUAL PROBE  (fast evaluator)
##########################################################################

==========================================================================
  Validation: fast vs slow build_all
   lam^2    N         B_slow         B_fast     |diff|
  ----------------------------------------------------------
      50   23  +0.0704799370  +0.0704799370   1.39e-16
     200   32  +0.0480074724  +0.0480074724   1.80e-16
     500   37  +0.0565605559  +0.0565605559   1.73e-16
  Max |diff| = 1.80e-16

==========================================================================
  Step 1: B_full at 276 uniform L values, step 0.02
          L in [1.0, 6.5], lam_sq in [2, 665]

    idx        L    lam^2    N         B_full     dt
  ------------------------------------------------------------
      0    1.000        3   15    +0.13466155   0.02s
      1    1.020        3   15    +0.13470296   0.02s
      2    1.040        3   15    +0.13474519   0.01s
      3    1.060        3   15    +0.13478825   0.01s
      4    1.080        3   15    +0.13483212   0.01s
     25    1.500        4   15    +0.18140596   0.01s
     50    2.000        7   15    +0.08369935   0.01s
     75    2.500       12   15    +0.06179319   0.02s
    100    3.000       20   18    +0.06466530   0.03s
    125    3.500       33   21    +0.06342892   0.04s
    150    4.000       55   24    +0.07450642   0.02s
    175    4.500       90   27    +0.06665673   0.03s
    200    5.000      148   30    +0.05839469   0.02s
    225    5.500      245   33    +0.02650969   0.05s
    250    6.000      403   36    +0.03632771   0.05s
    275    6.500      665   39    +0.02377648   0.07s
  total: 7.2s

  B range: [+0.016790, +0.181406]
  B span:  0.164616

==========================================================================
  Step 2: Load first 40 Riemann zero ordinates
  gamma_1=14.135, gamma_40=122.947, Nyquist=157.1

==========================================================================
  Step 3: Least-squares fit  B(L) ~ poly(L) + sum [A cos(gL) + B sin(gL)]

     K   deg            R^2        RMS_res     max|res|     RMS/span
  ------------------------------------------------------------------------
    10     2   0.8968952224      1.325e-02    4.920e-02    8.049e-02
    20     2   0.9013838980      1.296e-02    4.261e-02    7.872e-02
    30     2   0.9034740280      1.282e-02    4.106e-02    7.788e-02
    40     2   0.9062838804      1.263e-02    4.291e-02    7.674e-02
    10     3   0.8992043812      1.310e-02    4.811e-02    7.958e-02
    20     3   0.9037183936      1.280e-02    4.222e-02    7.778e-02
    30     3   0.9058676540      1.266e-02    4.028e-02    7.691e-02
    40     3   0.9087040444      1.247e-02    4.183e-02    7.574e-02
    10     4   0.9018087850      1.293e-02    5.091e-02    7.855e-02
    20     4   0.9063952915      1.262e-02    4.426e-02    7.669e-02
    30     4   0.9085004687      1.248e-02    4.262e-02    7.582e-02
    40     4   0.9113248562      1.229e-02    4.088e-02    7.465e-02

==========================================================================
  Step 3b: Augment basis with log(p) frequencies for first n_primes primes
           (tests whether residual is prime-side of explicit formula)

   K zeros   deg  n_primes            R^2        RMS_res     RMS/span
  --------------------------------------------------------------------------
        20     3         0   0.9037183936      1.280e-02    7.778e-02
        20     3        10   0.9284300877      1.104e-02    6.706e-02
        20     3        20   0.9286378004      1.102e-02    6.696e-02
        20     3        30   0.9297201992      1.094e-02    6.645e-02
        20     3        50   0.9354351586      1.049e-02    6.369e-02
        40     3         0   0.9087040444      1.247e-02    7.574e-02
        40     3        10   0.9331622708      1.067e-02    6.481e-02
        40     3        20   0.9333907013      1.065e-02    6.469e-02
        40     3        30   0.9343740678      1.057e-02    6.422e-02
        40     3        50   0.9400102024      1.011e-02    6.140e-02
        20     4         0   0.9063952915      1.262e-02    7.669e-02
        20     4        10   0.9261821717      1.121e-02    6.811e-02
        20     4        20   0.9284942379      1.103e-02    6.703e-02
        20     4        30   0.9287936015      1.101e-02    6.689e-02
        20     4        50   0.9292936348      1.097e-02    6.665e-02
        40     4         0   0.9113248562      1.229e-02    7.465e-02
        40     4        10   0.9307994447      1.085e-02    6.594e-02
        40     4        20   0.9332410356      1.066e-02    6.477e-02
        40     4        30   0.9335493683      1.064e-02    6.462e-02
        40     4        50   0.9339836896      1.060e-02    6.441e-02

==========================================================================
  Step 4: Best fit overall: ('zeros+primes', 3, 40, 50)  R^2=0.9400102024
          RMS residual:  1.011e-02
          Residual span: [-4.249e-02, +2.642e-02]
          RMS / B_span:  6.140e-02

  Residual autocorrelation (noise -> drops by lag 1):
    lag   0: +1.0000
    lag   1: +0.5682
    lag   2: +0.2800
    lag   5: -0.2129
    lag  10: -0.2380
    lag  20: +0.1099
    lag  49: +0.0626

  ESPRIT on residual (seeking frequencies NOT in the fitted zero set):
    n_comp=5: 2 positive frequencies
      f= 14.9582  nearest_fitted=14.135 (err 0.823) 
      f= 24.9459  nearest_fitted=25.011 (err 0.065) 
    n_comp=10: 5 positive frequencies
      f= 12.6270  nearest_fitted=14.135 (err 1.508) ** NOVEL (beyond first 40 zeros)
      f= 15.4657  nearest_fitted=14.135 (err 1.331) ** NOVEL (beyond first 40 zeros)
      f= 19.3931  nearest_fitted=21.022 (err 1.629) ** NOVEL (beyond first 40 zeros)
      f= 35.2057  nearest_fitted=32.935 (err 2.271) ** NOVEL (beyond first 40 zeros)
      f= 42.8387  nearest_fitted=43.327 (err 0.488) 
    n_comp=15: 7 positive frequencies
      f= 12.7426  nearest_fitted=14.135 (err 1.392) ** NOVEL (beyond first 40 zeros)
      f= 15.0707  nearest_fitted=14.135 (err 0.936) 
      f= 17.6535  nearest_fitted=21.022 (err 3.369) ** NOVEL (beyond first 40 zeros)
      f= 19.9236  nearest_fitted=21.022 (err 1.098) ** NOVEL (beyond first 40 zeros)
      f= 35.2576  nearest_fitted=32.935 (err 2.323) ** NOVEL (beyond first 40 zeros)
      f= 38.4438  nearest_fitted=37.586 (err 0.858) 
      f= 45.6581  nearest_fitted=43.327 (err 2.331) ** NOVEL (beyond first 40 zeros)

==========================================================================
  VERDICT
==========================================================================
  RMS residual / B span = 6.14e-02
  Residual autocorr power at lags 1..49 = 1.2058  (noise -> small, structure -> >0.1)

  Residual is substantial. Either (a) more zeros are needed, or
  (b) there is genuine content beyond the first 40 zeros -- a LEAD.

