
############################################################################
  SESSION 50 -- DECISIVE WEIL-AMPLITUDE RESIDUAL TEST
############################################################################

  Computing B_full at 276 points, L in [1.0, 6.5]
  done in 2.6s
  B range: [+0.016790, +0.181406]   span: 0.164616

  First 5 gammas: [np.float64(14.135), np.float64(21.022), np.float64(25.011), np.float64(30.425), np.float64(32.935)]
  First 5 log primes: [np.float64(0.693), np.float64(1.099), np.float64(1.609), np.float64(1.946), np.float64(2.398)]

============================================================================
  BASIS SWEEP -- L-polynomial modulation of each cosine
============================================================================

   K_zeros  d_zero  K_prim  d_prim   cols              R^2        RMS_res     RMS/span
  --------------------------------------------------------------------------------------------
        20       0      20       0     85   0.928494235131      1.103e-02    6.703e-02
        30       0      30       0    125   0.930656599510      1.087e-02    6.601e-02
        20       1      20       1    165   0.966147752622      7.592e-03    4.612e-02
        30       1      30       1    245   0.970429377316      7.096e-03    4.311e-02
        30       2      30       1    305   0.992864757893      3.486e-03    2.117e-02
        40       1      30       1    285   0.975708775644      6.431e-03    3.907e-02
        40       2      30       1    365   0.997359933651      2.120e-03    1.288e-02
        50       1      30       1    325   0.980979975134      5.691e-03    3.457e-02
        50       2      30       1    425   0.999927886544      3.504e-04    2.129e-03
        60       1      30       1    365   0.986113181384      4.863e-03    2.954e-02
        60       2      30       1    485   0.999999668296      2.377e-05    1.444e-04
        60       3      30       2    665   1.000000000000      5.170e-11    3.141e-10

============================================================================
  BEST FIT: K_z=60, d_z=3, K_p=30, d_p=2, cols=665
============================================================================
  R^2                 = 1.000000000000
  RMS residual        = 5.170e-11
  Residual range      = [-2.804e-11, +2.193e-10]
  RMS / B_span        = 3.141e-10
  1 - R^2             = 0.000e+00  (fraction of variance unexplained)

  Residual autocorrelation:
    lag   0: +1.0000
    lag   1: +0.6577
    lag   2: +0.6385
    lag   5: +0.6819
    lag  10: +0.5824
    lag  20: +0.4880
    lag  49: +0.2409
  sum(acf[1:]^2)       = 10.9928  (noise -> small, structure -> large)

  ESPRIT on residual (looking for unexplained frequencies):
    n_comp=5: 2 positive frequencies
      f= 70.2069  near gamma~69.55  (err_g=0.661, err_p=65.480)
      f=153.7547  near gamma~153.02  (err_g=0.730, err_p=149.027)
    n_comp=10: 6 positive frequencies
      f= 65.2826  near gamma~65.11  (err_g=0.170, err_p=60.555)
      f= 72.0972  near gamma~72.07  (err_g=0.030, err_p=67.370)
      f= 96.7300  near gamma~95.87  (err_g=0.859, err_p=92.003)
      f=157.0796  near gamma~157.60  (err_g=0.518, err_p=152.352)
      f=157.0796  near gamma~157.60  (err_g=0.518, err_p=152.352)
      f=157.0796  near gamma~157.60  (err_g=0.518, err_p=152.352)

============================================================================
  VERDICT
============================================================================
  DEAD CLEAN: R^2 > 0.9999, basically machine-precision fit.
    B_full is zero + prime oscillations with smooth L-modulation.
    There is NO residual structure beyond the explicit formula.
    The naive modular angle is decisively ruled out.

