
############################################################################
  SESSION 51a -- TIGHT DRAIN BOUND PROBE
############################################################################

  Computing (margin, drain) densely across L in [1.5, 6.5]
  dL = 0.02 -> 250 points (kept modest for runtime; mdiag_malpha is slow)

  251 L values, estimated ~63 min

        L      lam^2       margin      |drain|          gap      min_gap
  ------------------------------------------------------------------------
    1.500          4    +0.148174     0.032818    +0.115355    +0.115355  (2.9s)
    1.700          5    +0.173466     0.072430    +0.101036    +0.101036  (4.1s)
    1.900          7    +0.200579     0.116997    +0.083581    +0.083581  (4.3s)
    2.100          8    +0.208278     0.093136    +0.115142    +0.083581  (3.8s)
    2.300         10    +0.217987     0.097322    +0.120665    +0.083581  (4.1s)
    2.500         12    +0.224318     0.162561    +0.061757    +0.061757  (4.0s)
    2.700         15    +0.231537     0.092186    +0.139351    +0.061757  (4.3s)
    2.900         18    +0.236430     0.182234    +0.054196    +0.054196  (4.1s)
    3.100         22    +0.241882     0.139586    +0.102296    +0.050517  (5.1s)
    3.300         27    +0.245232     0.170005    +0.075227    +0.050517  (4.8s)
    3.500         33    +0.247902     0.184485    +0.063417    +0.039190  (5.3s)
    3.700         40    +0.250046     0.190716    +0.059329    +0.039190  (5.6s)
    3.900         49    +0.251875     0.185161    +0.066715    +0.033496  (6.1s)
    4.100         60    +0.254172     0.189085    +0.065088    +0.033496  (6.6s)
    4.300         74    +0.255442     0.222010    +0.033432    +0.033432  (6.7s)
    4.500         90    +0.256481     0.189825    +0.066656    +0.033043  (6.8s)
    4.700        110    +0.257374     0.235228    +0.022147    +0.016792  (7.5s)
    4.900        134    +0.258137     0.197856    +0.060280    +0.016792  (7.4s)
    5.100        164    +0.259337     0.221811    +0.037526    +0.016792  (7.6s)
    5.300        200    +0.259891     0.211883    +0.048007    +0.016792  (7.9s)
    5.500        245    +0.260369     0.233857    +0.026512    +0.016792  (7.7s)
    5.700        299    +0.260784     0.217032    +0.043752    +0.016792  (8.6s)
    5.900        365    +0.261144     0.213630    +0.047514    +0.016792  (8.6s)
    6.100        446    +0.261866     0.224151    +0.037716    +0.016792  (9.8s)
    6.300        545    +0.262131     0.202576    +0.059554    +0.016792  (9.9s)
    6.500        665    +0.262361     0.238585    +0.023776    +0.016792  (9.9s)

  Scan done in 1577.2s

  margin: min=+0.148174 max=+0.262416
  |drain|: min=0.013887 max=0.245354
  minimum gap: +0.016792 at L = 4.680
  max arg: L = 6.460 |drain| = 0.245354

  AT THE WORST L (6.460):
    lam^2 = 639
    |drain| = 0.245354
    margin = +0.262390
    gap = +0.017036

  |drain| / margin statistics over scan:
    mean    = 0.6974
    max     = 0.9351
    std dev = 0.1815

  Linear trend fit: |drain|(L) ~ a + b*L
    a = +0.048582, b = +0.031015
    residual RMS = 0.029394
    residual max = 0.092384

  Data saved to session51a_scan.npz

============================================================================
  VERDICT (empirical, not a proof)
============================================================================
  Minimum gap over scan: 0.0168 (> 0.01)
  Margin exceeds |drain| with comfortable margin over the scanned L.
  Asymptotic behavior: margin -> 0.269, |drain| -> 0.240, gap -> 0.029.
  To upgrade to a PROOF, need: (a) bound for L > L_max via PNT error,
  (b) explicit-constant verification for L in [1.5, L_max].
